2025-07-16T07:20:22.377Z [[32minfo[39m]: Initializing Temporal client...
2025-07-16T07:20:22.500Z [[32minfo[39m]: Temporal client initialized successfully
2025-07-16T07:20:22.504Z [[32minfo[39m]: Server started successfully
2025-07-16T07:20:58.473Z [[32minfo[39m]: Connecting to Temporal server...
2025-07-16T07:20:58.531Z [[32minfo[39m]: Connected to Temporal server successfully
2025-07-16T07:21:01.626Z [[32minfo[39m]: Worker created successfully
2025-07-16T07:21:01.627Z [[32minfo[39m]: Starting worker...
2025-07-16T07:21:16.228Z [[32minfo[39m]: Supplier A request received
2025-07-16T07:21:16.233Z [[32minfo[39m]: Request completed
2025-07-16T07:21:16.236Z [[32minfo[39m]: Supplier B request received
2025-07-16T07:21:16.237Z [[32minfo[39m]: Request completed
2025-07-16T08:41:02.906Z [[32minfo[39m]: Received SIGINT, shutting down gracefully...
2025-07-16T09:30:01.092Z [[32minfo[39m]: Received SIGINT, shutting down gracefully...
{"address":"temporal:7233","level":"info","message":"Initializing Temporal client...","timestamp":"2025-07-16T09:35:54.961Z"}
{"level":"info","message":"Temporal client initialized successfully","timestamp":"2025-07-16T09:35:56.864Z"}
{"environment":"production","level":"info","message":"Server started successfully","pid":1,"port":3000,"timestamp":"2025-07-16T09:35:56.877Z"}
{"duration":"254ms","ip":"::ffff:192.168.65.1","level":"info","message":"Request completed","method":"GET","statusCode":200,"timestamp":"2025-07-16T09:36:05.022Z","url":"/health","userAgent":"curl/8.14.1"}
{"city":"delhi","ip":"::ffff:192.168.65.1","level":"info","message":"Hotel comparison request received","timestamp":"2025-07-16T09:36:23.220Z","userAgent":"curl/8.14.1","workflowId":"hotel-compare-delhi-58924c0f-14a6-4f61-a239-0b9bd667c335"}
{"city":"delhi","ip":"::ffff:192.168.65.1","level":"info","message":"Hotel comparison request received","timestamp":"2025-07-16T09:36:34.499Z","userAgent":"curl/8.14.1","workflowId":"hotel-compare-delhi-8c88408f-54eb-4d6a-8468-a9fdfd3f43ac"}
{"city":"delhi","ip":"::ffff:192.168.65.1","level":"info","message":"Hotel comparison request received","timestamp":"2025-07-16T09:37:16.163Z","userAgent":"curl/8.14.1","workflowId":"hotel-compare-delhi-a914c384-5fa7-455f-bc5a-eed0dc65c10b"}
{"city":"delhi","ip":"::ffff:192.168.65.1","level":"info","message":"Hotel comparison request received","timestamp":"2025-07-16T09:38:44.937Z","userAgent":"curl/8.14.1","workflowId":"hotel-compare-delhi-f356a87d-b819-4344-81e6-79660b8774d5"}
{"level":"info","message":"Received SIGTERM, shutting down gracefully...","timestamp":"2025-07-16T09:40:41.921Z"}
{"address":"temporal:7233","level":"info","message":"Initializing Temporal client...","timestamp":"2025-07-16T09:59:35.045Z"}
{"level":"info","message":"Temporal client initialized successfully","timestamp":"2025-07-16T09:59:36.209Z"}
{"environment":"production","level":"info","message":"Server started successfully","pid":1,"port":3000,"timestamp":"2025-07-16T09:59:36.222Z"}
{"address":"temporal:7233","environment":"production","level":"info","message":"Connecting to Temporal server...","timestamp":"2025-07-16T16:30:09.657Z"}
{"address":"temporal:7233","level":"info","message":"Initializing Temporal client...","timestamp":"2025-07-16T16:30:09.774Z"}
{"level":"info","message":"Temporal client initialized successfully","timestamp":"2025-07-16T16:30:11.227Z"}
{"environment":"production","level":"info","message":"Server started successfully","pid":1,"port":3000,"timestamp":"2025-07-16T16:30:11.240Z"}
{"level":"info","message":"Connected to Temporal server successfully","timestamp":"2025-07-16T16:30:11.254Z"}
{"level":"info","maxConcurrentActivities":20,"maxConcurrentWorkflows":10,"message":"Worker created successfully","namespace":"default","taskQueue":"hotel-comparison","timestamp":"2025-07-16T16:30:19.897Z"}
{"level":"info","message":"Starting worker...","timestamp":"2025-07-16T16:30:19.900Z"}
{"city":"delhi","ip":"::ffff:192.168.65.1","level":"info","message":"Hotel comparison request received","timestamp":"2025-07-16T16:31:25.687Z","userAgent":"curl/8.14.1","workflowId":"hotel-compare-delhi-bf6ee34d-a0d5-48c1-bdaa-cf162af8a9b2"}
{"city":"delhi","level":"info","message":"Fetching data from Supplier B","timestamp":"2025-07-16T16:31:30.671Z"}
{"city":"delhi","level":"info","message":"Fetching data from Supplier A","timestamp":"2025-07-16T16:31:30.772Z"}
{"ip":"::ffff:127.0.0.1","level":"info","message":"Supplier A request received","query":{"city":"delhi"},"timestamp":"2025-07-16T16:31:30.794Z"}
{"duration":"34ms","ip":"::ffff:127.0.0.1","level":"info","message":"Request completed","method":"GET","statusCode":200,"timestamp":"2025-07-16T16:31:30.827Z","url":"/supplierA/hotels?city=delhi","userAgent":"Hotel-Rate-Comparator/1.0"}
{"ip":"::ffff:127.0.0.1","level":"info","message":"Supplier B request received","query":{"city":"delhi"},"timestamp":"2025-07-16T16:31:30.836Z"}
{"duration":"2ms","ip":"::ffff:127.0.0.1","level":"info","message":"Request completed","method":"GET","statusCode":200,"timestamp":"2025-07-16T16:31:30.838Z","url":"/supplierB/hotels?city=delhi","userAgent":"Hotel-Rate-Comparator/1.0"}
{"city":"delhi","count":3,"level":"info","message":"Successfully fetched data from Supplier A","timestamp":"2025-07-16T16:31:30.850Z"}
{"city":"delhi","count":3,"level":"info","message":"Successfully fetched data from Supplier B","timestamp":"2025-07-16T16:31:30.866Z"}
{"city":"delhi","hotelsReturned":5,"level":"info","message":"Hotel comparison completed","processingTime":5572,"timestamp":"2025-07-16T16:31:31.292Z","workflowId":"hotel-compare-delhi-bf6ee34d-a0d5-48c1-bdaa-cf162af8a9b2"}
{"duration":"5725ms","ip":"::ffff:192.168.65.1","level":"info","message":"Request completed","method":"GET","statusCode":200,"timestamp":"2025-07-16T16:31:31.295Z","url":"/api/hotels?city=delhi","userAgent":"curl/8.14.1"}
2025-07-17T14:09:07.843Z [[32minfo[39m]: Initializing Temporal client...
2025-07-17T14:09:17.908Z [[31merror[39m]: Failed to initialize Temporal client
Error: Failed to connect before the deadline
    at checkState (/home/Hashim/Documents/Backup/hotel-rate-comparator/node_modules/@grpc/grpc-js/build/src/client.js:78:26)
    at Timeout._onTimeout (/home/Hashim/Documents/Backup/hotel-rate-comparator/node_modules/@grpc/grpc-js/build/src/internal-channel.js:570:17)
    at listOnTimeout (node:internal/timers:608:17)
    at process.processTimers (node:internal/timers:543:7)
2025-07-17T14:13:15.660Z [[32minfo[39m]: Initializing Temporal client...
2025-07-17T14:13:25.737Z [[31merror[39m]: Failed to initialize Temporal client
Error: Failed to connect before the deadline
    at checkState (/home/Hashim/Documents/Backup/hotel-rate-comparator/node_modules/@grpc/grpc-js/build/src/client.js:78:26)
    at Timeout._onTimeout (/home/Hashim/Documents/Backup/hotel-rate-comparator/node_modules/@grpc/grpc-js/build/src/internal-channel.js:570:17)
    at listOnTimeout (node:internal/timers:608:17)
    at process.processTimers (node:internal/timers:543:7)
2025-07-17T14:52:21.547Z [[32minfo[39m]: Initializing Temporal client...
2025-07-17T14:52:31.622Z [[31merror[39m]: Failed to initialize Temporal client
Error: Failed to connect before the deadline
    at checkState (/home/Hashim/Documents/Backup/hotel-rate-comparator/node_modules/@grpc/grpc-js/build/src/client.js:78:26)
    at Timeout._onTimeout (/home/Hashim/Documents/Backup/hotel-rate-comparator/node_modules/@grpc/grpc-js/build/src/internal-channel.js:570:17)
    at listOnTimeout (node:internal/timers:608:17)
    at process.processTimers (node:internal/timers:543:7)
2025-07-17T14:53:10.167Z [[32minfo[39m]: Connecting to Temporal server...
2025-07-17T14:53:10.180Z [[32minfo[39m]: Initializing Temporal client...
2025-07-17T14:53:10.352Z [[31merror[39m]: Failed to create worker
TransportError: tonic::transport::Error(Transport, ConnectError(ConnectError("tcp connect error", Os { code: 111, kind: ConnectionRefused, message: "Connection refused" })))
    at NativeConnection.connect (/home/Hashim/Documents/Backup/hotel-rate-comparator/node_modules/@temporalio/worker/lib/connection.js:158:23)
2025-07-17T14:57:57.809Z [[32minfo[39m]: Connecting to Temporal server...
2025-07-17T14:57:57.825Z [[32minfo[39m]: Initializing Temporal client...
2025-07-17T14:57:58.024Z [[31merror[39m]: Failed to create worker
TransportError: tonic::transport::Error(Transport, ConnectError(ConnectError("tcp connect error", Os { code: 111, kind: ConnectionRefused, message: "Connection refused" })))
    at NativeConnection.connect (/home/Hashim/Documents/Backup/hotel-rate-comparator/node_modules/@temporalio/worker/lib/connection.js:158:23)
2025-07-17T15:17:28.277Z [[32minfo[39m]: Connecting to Temporal server...
2025-07-17T15:17:28.355Z [[32minfo[39m]: Initializing Temporal client...
2025-07-17T15:17:28.752Z [[31merror[39m]: Failed to create worker
TransportError: tonic::transport::Error(Transport, ConnectError(ConnectError("tcp connect error", Os { code: 111, kind: ConnectionRefused, message: "Connection refused" })))
    at NativeConnection.connect (/home/Hashim/Documents/Backup/hotel-rate-comparator/node_modules/@temporalio/worker/lib/connection.js:158:23)
2025-07-17T15:18:07.025Z [[32minfo[39m]: Connecting to Temporal server...
2025-07-17T15:18:35.115Z [[32minfo[39m]: Connecting to Temporal server...
2025-07-17T15:18:35.123Z [[32minfo[39m]: Initializing Temporal client...
2025-07-17T15:18:39.509Z [[32minfo[39m]: Worker created successfully
2025-07-17T15:18:39.510Z [[32minfo[39m]: Starting worker...
2025-07-17T15:19:05.238Z [[31merror[39m]: Failed to initialize Temporal client
Error: Failed to connect before the deadline
    at checkState (/home/Hashim/Documents/Backup/hotel-rate-comparator/node_modules/@grpc/grpc-js/build/src/client.js:78:26)
    at Timeout._onTimeout (/home/Hashim/Documents/Backup/hotel-rate-comparator/node_modules/@grpc/grpc-js/build/src/internal-channel.js:570:17)
    at listOnTimeout (node:internal/timers:608:17)
    at process.processTimers (node:internal/timers:543:7)
2025-07-17T15:20:28.688Z [[32minfo[39m]: Connecting to Temporal server...
2025-07-17T15:20:28.700Z [[32minfo[39m]: Initializing Temporal client...
2025-07-17T15:20:32.717Z [[32minfo[39m]: Worker created successfully
2025-07-17T15:20:32.718Z [[32minfo[39m]: Starting worker...
2025-07-17T15:20:58.791Z [[31merror[39m]: Failed to initialize Temporal client
Error: Failed to connect before the deadline
    at checkState (/home/Hashim/Documents/Backup/hotel-rate-comparator/node_modules/@grpc/grpc-js/build/src/client.js:78:26)
    at Timeout._onTimeout (/home/Hashim/Documents/Backup/hotel-rate-comparator/node_modules/@grpc/grpc-js/build/src/internal-channel.js:570:17)
    at listOnTimeout (node:internal/timers:608:17)
    at process.processTimers (node:internal/timers:543:7)
2025-07-17T15:21:15.667Z [[32minfo[39m]: Connecting to Temporal server...
2025-07-17T15:21:15.676Z [[32minfo[39m]: Initializing Temporal client...
2025-07-17T15:21:17.903Z [[32minfo[39m]: Worker created successfully
2025-07-17T15:21:17.904Z [[32minfo[39m]: Starting worker...
2025-07-17T15:21:45.758Z [[31merror[39m]: Failed to initialize Temporal client
Error: Failed to connect before the deadline
    at checkState (/home/Hashim/Documents/Backup/hotel-rate-comparator/node_modules/@grpc/grpc-js/build/src/client.js:78:26)
    at Timeout._onTimeout (/home/Hashim/Documents/Backup/hotel-rate-comparator/node_modules/@grpc/grpc-js/build/src/internal-channel.js:570:17)
    at listOnTimeout (node:internal/timers:608:17)
    at process.processTimers (node:internal/timers:543:7)
2025-07-17T15:25:12.601Z [[32minfo[39m]: Connecting to Temporal server...
2025-07-17T15:25:12.613Z [[32minfo[39m]: Initializing Temporal client...
2025-07-17T15:25:14.896Z [[32minfo[39m]: Temporal client initialized successfully
2025-07-17T15:25:14.901Z [[32minfo[39m]: Server started successfully
2025-07-17T15:25:16.993Z [[32minfo[39m]: Worker created successfully
2025-07-17T15:25:16.994Z [[32minfo[39m]: Starting worker...
2025-07-17T15:26:04.524Z [[32minfo[39m]: Hotel comparison request received
2025-07-17T15:26:04.961Z [[32minfo[39m]: Supplier A request received
2025-07-17T15:26:04.967Z [[32minfo[39m]: Request completed
2025-07-17T15:26:04.987Z [[32minfo[39m]: Supplier B request received
2025-07-17T15:26:04.989Z [[32minfo[39m]: Request completed
2025-07-17T15:26:05.551Z [[31merror[39m]: Error occurred: Cannot read properties of undefined (reading 'length')
TypeError: Cannot read properties of undefined (reading 'length')
    at HotelRateComparatorServer.<anonymous> (/home/Hashim/Documents/Backup/hotel-rate-comparator/dist/server.js:178:51)
    at Generator.next (<anonymous>)
    at fulfilled (/home/Hashim/Documents/Backup/hotel-rate-comparator/dist/server.js:5:58)
    at process.processTicksAndRejections (node:internal/process/task_queues:105:5)
2025-07-17T15:26:05.557Z [[32minfo[39m]: Request completed
2025-07-17T15:37:21.126Z [[32minfo[39m]: Received SIGINT, shutting down gracefully...
2025-07-17T15:38:23.774Z [[32minfo[39m]: Connecting to Temporal server...
2025-07-17T15:38:23.786Z [[32minfo[39m]: Initializing Temporal client...
2025-07-17T15:38:26.374Z [[32minfo[39m]: Temporal client initialized successfully
2025-07-17T15:38:26.379Z [[32minfo[39m]: Server started successfully
2025-07-17T15:38:27.806Z [[32minfo[39m]: Worker created successfully
2025-07-17T15:38:27.807Z [[32minfo[39m]: Starting worker...
2025-07-17T15:38:38.999Z [[32minfo[39m]: Hotel comparison request received
2025-07-17T15:38:39.534Z [[32minfo[39m]: Supplier A request received
2025-07-17T15:38:39.541Z [[32minfo[39m]: Request completed
2025-07-17T15:38:39.556Z [[32minfo[39m]: Supplier B request received
2025-07-17T15:38:39.558Z [[32minfo[39m]: Request completed
2025-07-17T15:38:39.921Z [[31merror[39m]: Error occurred: Cannot read properties of undefined (reading 'length')
TypeError: Cannot read properties of undefined (reading 'length')
    at HotelRateComparatorServer.<anonymous> (/home/Hashim/Documents/Backup/hotel-rate-comparator/dist/server.js:178:51)
    at Generator.next (<anonymous>)
    at fulfilled (/home/Hashim/Documents/Backup/hotel-rate-comparator/dist/server.js:5:58)
    at process.processTicksAndRejections (node:internal/process/task_queues:105:5)
2025-07-17T15:38:39.923Z [[32minfo[39m]: Request completed
2025-07-17T16:04:15.241Z [[32minfo[39m]: Received SIGINT, shutting down gracefully...
2025-07-17T16:06:37.501Z [[32minfo[39m]: Connecting to Temporal server...
2025-07-17T16:06:37.512Z [[32minfo[39m]: Initializing Temporal client...
2025-07-17T16:06:39.823Z [[32minfo[39m]: Temporal client initialized successfully
2025-07-17T16:06:39.828Z [[32minfo[39m]: Server started successfully
2025-07-17T16:06:41.396Z [[32minfo[39m]: Worker created successfully
2025-07-17T16:06:41.396Z [[32minfo[39m]: Starting worker...
2025-07-17T16:06:45.794Z [[32minfo[39m]: Hotel comparison request received
2025-07-17T16:06:46.187Z [[32minfo[39m]: Supplier A request received
2025-07-17T16:06:46.191Z [[32minfo[39m]: Request completed
2025-07-17T16:06:46.203Z [[32minfo[39m]: Supplier B request received
2025-07-17T16:06:46.204Z [[32minfo[39m]: Request completed
2025-07-17T16:06:46.563Z [[31merror[39m]: Error occurred: Cannot read properties of undefined (reading 'length')
TypeError: Cannot read properties of undefined (reading 'length')
    at HotelRateComparatorServer.<anonymous> (/home/Hashim/Documents/Backup/hotel-rate-comparator/dist/server.js:179:51)
    at Generator.next (<anonymous>)
    at fulfilled (/home/Hashim/Documents/Backup/hotel-rate-comparator/dist/server.js:5:58)
    at process.processTicksAndRejections (node:internal/process/task_queues:105:5)
2025-07-17T16:06:46.567Z [[32minfo[39m]: Request completed
2025-07-17T16:10:04.233Z [[32minfo[39m]: Received SIGINT, shutting down gracefully...
2025-07-17T16:10:38.235Z [[32minfo[39m]: Connecting to Temporal server...
2025-07-17T16:10:38.247Z [[32minfo[39m]: Initializing Temporal client...
2025-07-17T16:10:40.791Z [[32minfo[39m]: Temporal client initialized successfully
2025-07-17T16:10:40.795Z [[32minfo[39m]: Server started successfully
2025-07-17T16:10:42.403Z [[32minfo[39m]: Worker created successfully
2025-07-17T16:10:42.404Z [[32minfo[39m]: Starting worker...
2025-07-17T16:10:49.971Z [[32minfo[39m]: Hotel comparison request received
2025-07-17T16:10:50.844Z [[32minfo[39m]: Supplier A request received
2025-07-17T16:10:50.848Z [[32minfo[39m]: Request completed
2025-07-17T16:10:50.868Z [[32minfo[39m]: Supplier B request received
2025-07-17T16:10:50.873Z [[32minfo[39m]: Request completed
2025-07-17T16:10:51.379Z [[31merror[39m]: Error occurred: Cannot read properties of undefined (reading 'length')
TypeError: Cannot read properties of undefined (reading 'length')
    at HotelRateComparatorServer.<anonymous> (/home/Hashim/Documents/Backup/hotel-rate-comparator/dist/server.js:179:51)
    at Generator.next (<anonymous>)
    at fulfilled (/home/Hashim/Documents/Backup/hotel-rate-comparator/dist/server.js:5:58)
    at process.processTicksAndRejections (node:internal/process/task_queues:105:5)
2025-07-17T16:10:51.381Z [[32minfo[39m]: Request completed
2025-07-17T16:16:45.916Z [[32minfo[39m]: Received SIGINT, shutting down gracefully...
2025-07-17T16:17:08.043Z [[32minfo[39m]: Connecting to Temporal server...
2025-07-17T16:17:08.052Z [[32minfo[39m]: Initializing Temporal client...
2025-07-17T16:17:10.577Z [[32minfo[39m]: Temporal client initialized successfully
2025-07-17T16:17:10.582Z [[32minfo[39m]: Server started successfully
2025-07-17T16:17:12.501Z [[32minfo[39m]: Worker created successfully
2025-07-17T16:17:12.501Z [[32minfo[39m]: Starting worker...
2025-07-17T16:17:17.322Z [[32minfo[39m]: Hotel comparison request received
2025-07-17T16:17:17.747Z [[32minfo[39m]: Supplier A request received
2025-07-17T16:17:17.753Z [[32minfo[39m]: Request completed
2025-07-17T16:17:17.765Z [[32minfo[39m]: Supplier B request received
2025-07-17T16:17:17.766Z [[32minfo[39m]: Request completed
2025-07-17T16:17:18.096Z [[32minfo[39m]: Request completed
2025-07-17T16:24:40.801Z [[32minfo[39m]: Supplier A request received
2025-07-17T16:24:40.848Z [[32minfo[39m]: Request completed
2025-07-17T16:24:40.857Z [[32minfo[39m]: Supplier B request received
2025-07-17T16:24:40.858Z [[32minfo[39m]: Request completed
